<?xml version="1.0" encoding="UTF-8"?>
<testsuite name="testClean.LoginTest" tests="1" skipped="0" failures="0" errors="0" timestamp="2021-03-10T07:19:00" hostname="DESKTOP-VBMVFV9" time="24.616">
  <properties/>
  <testcase name="verify_login_todoly" classname="testClean.LoginTest" time="24.616"/>
  <system-out><![CDATA[]]></system-out>
  <system-err><![CDATA[1615360740965	geckodriver	INFO	Listening on 127.0.0.1:48117
1615360741671	mozrunner::runner	INFO	Running command: "C:\\Program Files\\Mozilla Firefox\\firefox.exe" "--marionette" "-foreground" "-no-remote" "-profile" "C:\\Users\\vloza\\AppData\\Local\\Temp\\rust_mozprofileUEmLcE"
Can't find symbol 'eglSwapBuffersWithDamageEXT'.
Can't find symbol 'eglSetDamageRegionKHR'.
console.warn: SearchSettings: "get: No settings file exists, new profile?" (new Error("", "(unknown module)"))
1615360752954	Marionette	INFO	Listening on port 54642
1615360753229	Marionette	WARN	TLS certificate errors will be ignored for this session
Mar 10, 2021 3:19:13 AM org.openqa.selenium.remote.ProtocolHandshake createSession
INFO: Detected dialect: W3C
1615360761532	Marionette	INFO	Stopped listening on port 54642
JavaScript error: resource://gre/modules/UrlClassifierListManager.jsm, line 691: TypeError: this.tablesData[table] is undefined

###!!! [Child][RunMessage] Error: Channel closing: too late to send/recv, messages will be lost

]]></system-err>
</testsuite>
