<?xml version="1.0" encoding="UTF-8"?>
<testsuite name="basicSelenium.BasicDeleteProject" tests="1" skipped="0" failures="0" errors="0" timestamp="2021-03-08T04:04:07" hostname="DESKTOP-VBMVFV9" time="28.294">
  <properties/>
  <testcase name="loginTodoLy" classname="basicSelenium.BasicDeleteProject" time="28.294"/>
  <system-out><![CDATA[]]></system-out>
  <system-err><![CDATA[Starting ChromeDriver 88.0.4324.96 (68dba2d8a0b149a1d3afac56fa74648032bcf46b-refs/branch-heads/4324@{#1784}) on port 35077
Only local connections are allowed.
Please see https://chromedriver.chromium.org/security-considerations for suggestions on keeping ChromeDriver safe.
ChromeDriver was started successfully.
Mar 08, 2021 12:04:11 AM org.openqa.selenium.remote.ProtocolHandshake createSession
INFO: Detected dialect: W3C
]]></system-err>
</testsuite>
