<?xml version="1.0" encoding="UTF-8"?>
<testsuite name="testClean.LoginTest" tests="1" skipped="0" failures="0" errors="0" timestamp="2021-03-26T02:23:37" hostname="DESKTOP-3NTKV4B" time="8.002">
  <properties/>
  <testcase name="verify_login_todoly" classname="testClean.LoginTest" time="8.002"/>
  <system-out><![CDATA[]]></system-out>
  <system-err><![CDATA[Starting ChromeDriver 88.0.4324.96 (68dba2d8a0b149a1d3afac56fa74648032bcf46b-refs/branch-heads/4324@{#1784}) on port 28952
Only local connections are allowed.
Please see https://chromedriver.chromium.org/security-considerations for suggestions on keeping ChromeDriver safe.
ChromeDriver was started successfully.
[1616725418.919][WARNING]: This version of ChromeDriver has not been tested with Chrome version 89.
mar. 25, 2021 11:53:38 P.Â M. org.openqa.selenium.remote.ProtocolHandshake createSession
INFO: Detected dialect: W3C
]]></system-err>
</testsuite>
